#
# There is insufficient memory for the Java Runtime Environment to continue.
# Native memory allocation (mmap) failed to map 264241152 bytes for G1 virtual space
# Possible reasons:
#   The system is out of physical RAM or swap space
#   The process is running with CompressedOops enabled, and the Java Heap may be blocking the growth of the native heap
# Possible solutions:
#   Reduce memory load on the system
#   Increase physical memory or swap space
#   Check if swap backing store is full
#   Decrease Java heap size (-Xmx/-Xms)
#   Decrease number of Java threads
#   Decrease Java thread stack sizes (-Xss)
#   Set larger code cache with -XX:ReservedCodeCacheSize=
#   JVM is running with Zero Based Compressed Oops mode in which the Java heap is
#     placed in the first 32GB address space. The Java Heap base address is the
#     maximum limit for the native heap growth. Please use -XX:HeapBaseMinAddress
#     to set the Java Heap base and to place the Java Heap above 32GB virtual address.
# This output file may be truncated or incomplete.
#
#  Out of Memory Error (os_windows.cpp:3600), pid=49716, tid=43056
#
# JRE version:  (21.0.2+13) (build )
# Java VM: Java HotSpot(TM) 64-Bit Server VM (21.0.2+13-LTS-58, mixed mode, sharing, tiered, compressed oops, compressed class ptrs, g1 gc, windows-amd64)
# No core dump will be written. Minidumps are not enabled by default on client versions of Windows
#

---------------  S U M M A R Y ------------

Command Line: -Dclassworlds.conf=C:\Users\ssrij\Downloads\apache-maven-3.9.10-bin\apache-maven-3.9.10\bin\m2.conf -Dmaven.home=C:\Users\ssrij\Downloads\apache-maven-3.9.10-bin\apache-maven-3.9.10 -Dlibrary.jansi.path=C:\Users\ssrij\Downloads\apache-maven-3.9.10-bin\apache-maven-3.9.10\lib\jansi-native -Dmaven.multiModuleProjectDirectory=C:\Users\ssrij\Downloads\personal_expanse_tracker\personal_expanse_tracker org.codehaus.plexus.classworlds.launcher.Launcher spring-boot:run

Host: 12th Gen Intel(R) Core(TM) i7-12700H, 20 cores, 15G,  Windows 11 , 64 bit Build 26100 (10.0.26100.3912)
Time: Fri Jun 27 11:29:43 2025 India Standard Time elapsed time: 1.068516 seconds (0d 0h 0m 1s)

---------------  T H R E A D  ---------------

Current thread (0x000002acdaed52e0):  JavaThread "Unknown thread" [_thread_in_vm, id=43056, stack(0x000000e519d00000,0x000000e519e00000) (1024K)]

Stack: [0x000000e519d00000,0x000000e519e00000]
Native frames: (J=compiled Java code, j=interpreted, Vv=VM code, C=native code)
V  [jvm.dll+0x6cade9]
V  [jvm.dll+0x8569c1]
V  [jvm.dll+0x858d2e]
V  [jvm.dll+0x859413]
V  [jvm.dll+0x280e56]
V  [jvm.dll+0x6c74d5]
V  [jvm.dll+0x6bbeca]
V  [jvm.dll+0x355bca]
V  [jvm.dll+0x35d816]
V  [jvm.dll+0x3ae67e]
V  [jvm.dll+0x3ae928]
V  [jvm.dll+0x3295dc]
V  [jvm.dll+0x32a16b]
V  [jvm.dll+0x81efa9]
V  [jvm.dll+0x3bba01]
V  [jvm.dll+0x807928]
V  [jvm.dll+0x44f50e]
V  [jvm.dll+0x450e11]
C  [jli.dll+0x52a3]
C  [ucrtbase.dll+0x37b0]
C  [KERNEL32.DLL+0x2e8d7]
C  [ntdll.dll+0x9c5dc]


---------------  P R O C E S S  ---------------

Threads class SMR info:
_java_thread_list=0x00007ffba421bb88, length=0, elements={
}

Java Threads: ( => current thread )
Total: 0

Other Threads:
  0x000002acdca207b0 WorkerThread "GC Thread#0"                     [id=39728, stack(0x000000e519e00000,0x000000e519f00000) (1024K)]
  0x000002acdca31de0 ConcurrentGCThread "G1 Main Marker"            [id=29304, stack(0x000000e519f00000,0x000000e51a000000) (1024K)]
  0x000002acdca328e0 WorkerThread "G1 Conc#0"                       [id=47540, stack(0x000000e51a000000,0x000000e51a100000) (1024K)]

[error occurred during error reporting (printing all threads), id 0xc0000005, EXCEPTION_ACCESS_VIOLATION (0xc0000005) at pc=0x00007ffba398c6a7]
VM state: not at safepoint (not fully initialized)

VM Mutex/Monitor currently owned by a thread:  ([mutex/lock_event])
[0x00007ffba428ce68] Heap_lock - owner thread: 0x000002acdaed52e0

Heap address: 0x0000000705c00000, size: 4004 MB, Compressed Oops mode: Zero based, Oop shift amount: 3

CDS archive(s) mapped at: [0x0000000000000000-0x0000000000000000-0x0000000000000000), size 0, SharedBaseAddress: 0x0000000800000000, ArchiveRelocationMode: 1.
Narrow klass base: 0x0000000000000000, Narrow klass shift: 0, Narrow klass range: 0x0

GC Precious Log:
 CardTable entry size: 512
 Card Set container configuration: InlinePtr #cards 4 size 8 Array Of Cards #cards 16 size 48 Howl #buckets 8 coarsen threshold 3686 Howl Bitmap #cards 512 size 80 coarsen threshold 460 Card regions per heap region 1 cards per card region 4096

Heap:
 garbage-first heap   total 0K, used 0K [0x0000000705c00000, 0x0000000800000000)
  region size 2048K, 0 young (0K), 0 survivors (0K)

[error occurred during error reporting (printing heap information), id 0xc0000005, EXCEPTION_ACCESS_VIOLATION (0xc0000005) at pc=0x00007ffba3d739f9]
GC Heap History (0 events):
No events

Dll operation events (1 events):
Event: 0.004 Loaded shared library C:\Program Files\Java\jdk-21\bin\java.dll

Deoptimization events (0 events):
No events

Classes loaded (0 events):
No events

Classes unloaded (0 events):
No events

Classes redefined (0 events):
No events

Internal exceptions (0 events):
No events

ZGC Phase Switch (0 events):
No events

VM Operations (0 events):
No events

Events (0 events):
No events


Dynamic libraries:
0x00007ff6ec320000 - 0x00007ff6ec330000 	C:\Program Files\Java\jdk-21\bin\java.exe
0x00007ffc3d6c0000 - 0x00007ffc3d926000 	C:\WINDOWS\SYSTEM32\ntdll.dll
0x00007ffc3c1a0000 - 0x00007ffc3c269000 	C:\WINDOWS\System32\KERNEL32.DLL
0x00007ffc3a9a0000 - 0x00007ffc3ad6c000 	C:\WINDOWS\System32\KERNELBASE.dll
0x00007ffc3af20000 - 0x00007ffc3b06b000 	C:\WINDOWS\System32\ucrtbase.dll
0x00007ffc26b00000 - 0x00007ffc26b1b000 	C:\Program Files\Java\jdk-21\bin\VCRUNTIME140.dll
0x00007ffc25800000 - 0x00007ffc25819000 	C:\Program Files\Java\jdk-21\bin\jli.dll
0x00007ffc3c4d0000 - 0x00007ffc3c582000 	C:\WINDOWS\System32\ADVAPI32.dll
0x00007ffc3c060000 - 0x00007ffc3c109000 	C:\WINDOWS\System32\msvcrt.dll
0x00007ffc3b810000 - 0x00007ffc3b8b6000 	C:\WINDOWS\System32\sechost.dll
0x00007ffc3d560000 - 0x00007ffc3d676000 	C:\WINDOWS\System32\RPCRT4.dll
0x00007ffc3c680000 - 0x00007ffc3c84a000 	C:\WINDOWS\System32\USER32.dll
0x00007ffc3ad70000 - 0x00007ffc3ad97000 	C:\WINDOWS\System32\win32u.dll
0x00007ffc3ce50000 - 0x00007ffc3ce7b000 	C:\WINDOWS\System32\GDI32.dll
0x00007ffc22470000 - 0x00007ffc2270a000 	C:\WINDOWS\WinSxS\amd64_microsoft.windows.common-controls_6595b64144ccf1df_6.0.26100.3912_none_3e07963ce335137e\COMCTL32.dll
0x00007ffc3b130000 - 0x00007ffc3b262000 	C:\WINDOWS\System32\gdi32full.dll
0x00007ffc3a850000 - 0x00007ffc3a8f3000 	C:\WINDOWS\System32\msvcp_win.dll
0x00007ffc30a70000 - 0x00007ffc30a7b000 	C:\WINDOWS\SYSTEM32\VERSION.dll
0x00007ffc3c020000 - 0x00007ffc3c050000 	C:\WINDOWS\System32\IMM32.DLL
0x00007ffc34b40000 - 0x00007ffc34b4c000 	C:\Program Files\Java\jdk-21\bin\vcruntime140_1.dll
0x00007ffc078b0000 - 0x00007ffc0793e000 	C:\Program Files\Java\jdk-21\bin\msvcp140.dll
0x00007ffba3650000 - 0x00007ffba4367000 	C:\Program Files\Java\jdk-21\bin\server\jvm.dll
0x00007ffc3c590000 - 0x00007ffc3c604000 	C:\WINDOWS\System32\WS2_32.dll
0x00007ffc3a010000 - 0x00007ffc3a06e000 	C:\WINDOWS\SYSTEM32\POWRPROF.dll
0x00007ffc2c960000 - 0x00007ffc2c996000 	C:\WINDOWS\SYSTEM32\WINMM.dll
0x00007ffc39ff0000 - 0x00007ffc3a004000 	C:\WINDOWS\SYSTEM32\UMPDC.dll
0x00007ffc39610000 - 0x00007ffc3962a000 	C:\WINDOWS\SYSTEM32\kernel.appcore.dll
0x00007ffc2fd10000 - 0x00007ffc2fd1a000 	C:\Program Files\Java\jdk-21\bin\jimage.dll
0x00007ffc37fe0000 - 0x00007ffc38221000 	C:\WINDOWS\SYSTEM32\DBGHELP.DLL
0x00007ffc3b480000 - 0x00007ffc3b804000 	C:\WINDOWS\System32\combase.dll
0x00007ffc3c270000 - 0x00007ffc3c350000 	C:\WINDOWS\System32\OLEAUT32.dll
0x00007ffc21370000 - 0x00007ffc213a9000 	C:\WINDOWS\SYSTEM32\dbgcore.DLL
0x00007ffc3a900000 - 0x00007ffc3a999000 	C:\WINDOWS\System32\bcryptPrimitives.dll
0x00007ffc25d60000 - 0x00007ffc25d7f000 	C:\Program Files\Java\jdk-21\bin\java.dll

dbghelp: loaded successfully - version: 4.0.5 - missing functions: none
symbol engine: initialized successfully - sym options: 0x614 - pdb path: .;C:\Program Files\Java\jdk-21\bin;C:\WINDOWS\SYSTEM32;C:\WINDOWS\WinSxS\amd64_microsoft.windows.common-controls_6595b64144ccf1df_6.0.26100.3912_none_3e07963ce335137e;C:\Program Files\Java\jdk-21\bin\server

VM Arguments:
jvm_args: -Dclassworlds.conf=C:\Users\ssrij\Downloads\apache-maven-3.9.10-bin\apache-maven-3.9.10\bin\m2.conf -Dmaven.home=C:\Users\ssrij\Downloads\apache-maven-3.9.10-bin\apache-maven-3.9.10 -Dlibrary.jansi.path=C:\Users\ssrij\Downloads\apache-maven-3.9.10-bin\apache-maven-3.9.10\lib\jansi-native -Dmaven.multiModuleProjectDirectory=C:\Users\ssrij\Downloads\personal_expanse_tracker\personal_expanse_tracker 
java_command: org.codehaus.plexus.classworlds.launcher.Launcher spring-boot:run
java_class_path (initial): C:\Users\ssrij\Downloads\apache-maven-3.9.10-bin\apache-maven-3.9.10\boot\plexus-classworlds-2.9.0.jar
Launcher Type: SUN_STANDARD

[Global flags]
     intx CICompilerCount                          = 12                                        {product} {ergonomic}
     uint ConcGCThreads                            = 4                                         {product} {ergonomic}
     uint G1ConcRefinementThreads                  = 15                                        {product} {ergonomic}
   size_t G1HeapRegionSize                         = 2097152                                   {product} {ergonomic}
    uintx GCDrainStackTargetSize                   = 64                                        {product} {ergonomic}
   size_t InitialHeapSize                          = 264241152                                 {product} {ergonomic}
   size_t MarkStackSize                            = 4194304                                   {product} {ergonomic}
   size_t MaxHeapSize                              = 4198498304                                {product} {ergonomic}
   size_t MinHeapDeltaBytes                        = 2097152                                   {product} {ergonomic}
   size_t MinHeapSize                              = 8388608                                   {product} {ergonomic}
    uintx NonNMethodCodeHeapSize                   = 7602480                                {pd product} {ergonomic}
    uintx NonProfiledCodeHeapSize                  = 122027880                              {pd product} {ergonomic}
    uintx ProfiledCodeHeapSize                     = 122027880                              {pd product} {ergonomic}
    uintx ReservedCodeCacheSize                    = 251658240                              {pd product} {ergonomic}
     bool SegmentedCodeCache                       = true                                      {product} {ergonomic}
   size_t SoftMaxHeapSize                          = 4198498304                             {manageable} {ergonomic}
     bool UseCompressedOops                        = true                           {product lp64_product} {ergonomic}
     bool UseG1GC                                  = true                                      {product} {ergonomic}
     bool UseLargePagesIndividualAllocation        = false                                  {pd product} {ergonomic}

Logging:
Log output configuration:
 #0: stdout all=warning uptime,level,tags foldmultilines=false
 #1: stderr all=off uptime,level,tags foldmultilines=false

Environment Variables:
PATH=C:\Program Files\Python313\Scripts\;C:\Program Files\Python313\;C:\Users\ssrij\AppData\Local\Programs\Python\Python312\Scripts\;C:\Users\ssrij\AppData\Local\Programs\Python\Python312\;C:\Program Files\Common Files\Oracle\Java\javapath;C:\WINDOWS\system32;C:\WINDOWS;C:\WINDOWS\System32\Wbem;C:\WINDOWS\System32\WindowsPowerShell\v1.0\;C:\WINDOWS\System32\OpenSSH\;C:\Program Files\Java\jdk-21\bin;C:\ProgramData\chocolatey\bin;C:\Users\ssrij\AppData\Local\MongoDBCompass\MongoDBCompass.exe;C:\Users\ssrij\Downloads\mongosh-2.3.9-win32-x64.zip\mongosh-2.3.9-win32-x64\bin;%NVM_HOME%;C:\Program Files\nodejs;C:\Users\ssrij\AppData\Local\nvm;C:\Program Files\VScode\nvm;C:\Program Files\MySQL\MySQL Server 8.0\bin;C:\Users\ssrij\Downloads\apache-maven-3.9.10-bin\apache-maven-3.9.10\bin;C:\Users\ssrij\Downloads\demo (2)\demo;C:\Program Files\MySQL\MySQL Shell 8.0\bin\;C:\Users\ssrij\AppData\Local\Microsoft\WindowsApps;C:\Users\ssrij\AppData\Local\Programs\Microsoft VS Code\bin;C:\Users\ssrij\AppData\Local\GitHubDesktop\bin;C:\Users\ssrij\Downloads\kotlin-compiler-2.0.20.zip\kotlinc\bin;C:\Users\ssrij\Downloads\kotlin-compiler-2.0.20\kotlinc\bin;C:\Users\ssrij\Downloads\python-3.12.5-amd64.exe;C:\Users\ssrij\.vscode\project1\env\Lib\site-packages\pip;C:\Program Files\RStudio\resources\app\bin;C:\Program Files\VScode\nvm;C:\Program Files\VScode\nodejs;;C:\Program Files\JetBrains\IntelliJ IDEA 2025.1.1.1\bin;;c:\Users\ssrij\.vscode\extensions\ms-python.debugpy-2025.8.0-win32-x64\bundled\scripts\noConfigScripts
USERNAME=ssrij
LANG=en_US.UTF-8
OS=Windows_NT
PROCESSOR_IDENTIFIER=Intel64 Family 6 Model 154 Stepping 3, GenuineIntel
TMP=C:\Users\ssrij\AppData\Local\Temp
TEMP=C:\Users\ssrij\AppData\Local\Temp




Periodic native trim disabled

---------------  S Y S T E M  ---------------

OS:
 Windows 11 , 64 bit Build 26100 (10.0.26100.3912)
OS uptime: 28 days 11:13 hours

CPU: total 20 (initial active 20) (10 cores per cpu, 2 threads per core) family 6 model 154 stepping 3 microcode 0x42c, cx8, cmov, fxsr, ht, mmx, 3dnowpref, sse, sse2, sse3, ssse3, sse4.1, sse4.2, popcnt, lzcnt, tsc, tscinvbit, avx, avx2, aes, erms, clmul, bmi1, bmi2, adx, sha, fma, vzeroupper, clflush, clflushopt, clwb, serialize, rdtscp, rdpid, fsrm, f16c, pku, cet_ibt, cet_ss
Processor Information for processor 0
  Max Mhz: 2300, Current Mhz: 1506, Mhz Limit: 2300
Processor Information for processor 1
  Max Mhz: 2300, Current Mhz: 2300, Mhz Limit: 2300
Processor Information for processor 2
  Max Mhz: 2300, Current Mhz: 2300, Mhz Limit: 2300
Processor Information for processor 3
  Max Mhz: 2300, Current Mhz: 2300, Mhz Limit: 2300
Processor Information for processor 4
  Max Mhz: 2300, Current Mhz: 2300, Mhz Limit: 2300
Processor Information for processor 5
  Max Mhz: 2300, Current Mhz: 2300, Mhz Limit: 2300
Processor Information for processor 6
  Max Mhz: 2300, Current Mhz: 2300, Mhz Limit: 2300
Processor Information for processor 7
  Max Mhz: 2300, Current Mhz: 2300, Mhz Limit: 2300
Processor Information for processor 8
  Max Mhz: 2300, Current Mhz: 2300, Mhz Limit: 2300
Processor Information for processor 9
  Max Mhz: 2300, Current Mhz: 2300, Mhz Limit: 2300
Processor Information for processor 10
  Max Mhz: 2300, Current Mhz: 2300, Mhz Limit: 2300
Processor Information for processor 11
  Max Mhz: 2300, Current Mhz: 2300, Mhz Limit: 2300
Processor Information for processor 12
  Max Mhz: 2300, Current Mhz: 1700, Mhz Limit: 1679
Processor Information for processor 13
  Max Mhz: 2300, Current Mhz: 1700, Mhz Limit: 1679
Processor Information for processor 14
  Max Mhz: 2300, Current Mhz: 1700, Mhz Limit: 1679
Processor Information for processor 15
  Max Mhz: 2300, Current Mhz: 1700, Mhz Limit: 1679
Processor Information for processor 16
  Max Mhz: 2300, Current Mhz: 1700, Mhz Limit: 1679
Processor Information for processor 17
  Max Mhz: 2300, Current Mhz: 1700, Mhz Limit: 1679
Processor Information for processor 18
  Max Mhz: 2300, Current Mhz: 1700, Mhz Limit: 1679
Processor Information for processor 19
  Max Mhz: 2300, Current Mhz: 1500, Mhz Limit: 1679

Memory: 4k page, system-wide physical 16008M (1250M free)
TotalPageFile size 65160M (AvailPageFile size 201M)
current process WorkingSet (physical memory assigned to process): 12M, peak: 12M
current process commit charge ("private bytes"): 75M, peak: 327M

vm_info: Java HotSpot(TM) 64-Bit Server VM (21.0.2+13-LTS-58) for windows-amd64 JRE (21.0.2+13-LTS-58), built on 2024-01-05T18:32:24Z by "mach5one" with MS VC++ 17.1 (VS2022)

END.
